# JRE version: OpenJDK Runtime Environment (8.0_152-b01) (build 1.8.0_152-release-1248-b01)
# Java VM: OpenJDK 64-Bit Server VM (25.152-b01 mixed mode windows-amd64 compressed oops)
Heap:
 PSYoungGen      total 132096K, used 123221K [0x00000000e0000000, 0x00000000ecc00000, 0x0000000100000000)
  eden space 86016K, 100% used [0x00000000e0000000,0x00000000e5400000,0x00000000e5400000)
  from space 46080K, 80% used [0x00000000e5400000,0x00000000e7855438,0x00000000e8100000)
  to   space 50176K, 49% used [0x00000000e9b00000,0x00000000eb303728,0x00000000ecc00000)
 ParOldGen       total 147968K, used 65566K [0x00000000a0000000, 0x00000000a9080000, 0x00000000e0000000)
  object space 147968K, 44% used [0x00000000a0000000,0x00000000a4007948,0x00000000a9080000)
 Metaspace       used 82563K, capacity 85754K, committed 85808K, reserved 1124352K
  class space    used 10819K, capacity 11546K, committed 11568K, reserved 1048576K
GC Heap History (10 events):
Event: 2202.456 GC heap after
Heap after GC invocations=20 (full 3):
 PSYoungGen      total 120320K, used 18932K [0x00000000e0000000, 0x00000000e9c00000, 0x0000000100000000)
  eden space 101376K, 0% used [0x00000000e0000000,0x00000000e0000000,0x00000000e6300000)
  from space 18944K, 99% used [0x00000000e6500000,0x00000000e777d1b0,0x00000000e7780000)
  to   space 29184K, 0% used [0x00000000e7f80000,0x00000000e7f80000,0x00000000e9c00000)
 ParOldGen       total 147968K, used 50945K [0x00000000a0000000, 0x00000000a9080000, 0x00000000e0000000)
  object space 147968K, 34% used [0x00000000a0000000,0x00000000a31c04e0,0x00000000a9080000)
 Metaspace       used 78597K, capacity 81358K, committed 81456K, reserved 1120256K
  class space    used 10390K, capacity 11040K, committed 11056K, reserved 1048576K
}
Event: 2204.507 GC heap before
{Heap before GC invocations=21 (full 3):
 PSYoungGen      total 120320K, used 120308K [0x00000000e0000000, 0x00000000e9c00000, 0x0000000100000000)
  eden space 101376K, 100% used [0x00000000e0000000,0x00000000e6300000,0x00000000e6300000)
  from space 18944K, 99% used [0x00000000e6500000,0x00000000e777d1b0,0x00000000e7780000)
  to   space 29184K, 0% used [0x00000000e7f80000,0x00000000e7f80000,0x00000000e9c00000)
 ParOldGen       total 147968K, used 50945K [0x00000000a0000000, 0x00000000a9080000, 0x00000000e0000000)
  object space 147968K, 34% used [0x00000000a0000000,0x00000000a31c04e0,0x00000000a9080000)
 Metaspace       used 81008K, capacity 83792K, committed 83888K, reserved 1122304K
  class space    used 10712K, capacity 11401K, committed 11440K, reserved 1048576K
Event: 2204.537 GC heap after
Heap after GC invocations=21 (full 3):
 PSYoungGen      total 128000K, used 23368K [0x00000000e0000000, 0x00000000e9f00000, 0x0000000100000000)
  eden space 98816K, 0% used [0x00000000e0000000,0x00000000e0000000,0x00000000e6080000)
  from space 29184K, 80% used [0x00000000e7f80000,0x00000000e96520b8,0x00000000e9c00000)
  to   space 31744K, 0% used [0x00000000e6080000,0x00000000e6080000,0x00000000e7f80000)
 ParOldGen       total 147968K, used 50953K [0x00000000a0000000, 0x00000000a9080000, 0x00000000e0000000)
  object space 147968K, 34% used [0x00000000a0000000,0x00000000a31c24e0,0x00000000a9080000)
 Metaspace       used 81008K, capacity 83792K, committed 83888K, reserved 1122304K
  class space    used 10712K, capacity 11401K, committed 11440K, reserved 1048576K
}
Event: 3497.530 GC heap before
{Heap before GC invocations=22 (full 3):
 PSYoungGen      total 128000K, used 122184K [0x00000000e0000000, 0x00000000e9f00000, 0x0000000100000000)
  eden space 98816K, 100% used [0x00000000e0000000,0x00000000e6080000,0x00000000e6080000)
  from space 29184K, 80% used [0x00000000e7f80000,0x00000000e96520b8,0x00000000e9c00000)
  to   space 31744K, 0% used [0x00000000e6080000,0x00000000e6080000,0x00000000e7f80000)
 ParOldGen       total 147968K, used 50953K [0x00000000a0000000, 0x00000000a9080000, 0x00000000e0000000)
  object space 147968K, 34% used [0x00000000a0000000,0x00000000a31c24e0,0x00000000a9080000)
 Metaspace       used 81746K, capacity 84896K, committed 85040K, reserved 1122304K
  class space    used 10776K, capacity 11477K, committed 11568K, reserved 1048576K
Event: 3497.575 GC heap after
Heap after GC invocations=22 (full 3):
 PSYoungGen      total 128512K, used 28655K [0x00000000e0000000, 0x00000000ea380000, 0x0000000100000000)
  eden space 96768K, 0% used [0x00000000e0000000,0x00000000e0000000,0x00000000e5e80000)
  from space 31744K, 90% used [0x00000000e6080000,0x00000000e7c7bee0,0x00000000e7f80000)
  to   space 35328K, 0% used [0x00000000e8100000,0x00000000e8100000,0x00000000ea380000)
 ParOldGen       total 147968K, used 50961K [0x00000000a0000000, 0x00000000a9080000, 0x00000000e0000000)
  object space 147968K, 34% used [0x00000000a0000000,0x00000000a31c44e0,0x00000000a9080000)
 Metaspace       used 81746K, capacity 84896K, committed 85040K, reserved 1122304K
  class space    used 10776K, capacity 11477K, committed 11568K, reserved 1048576K
}
Event: 3498.682 GC heap before
{Heap before GC invocations=23 (full 3):
 PSYoungGen      total 128512K, used 125423K [0x00000000e0000000, 0x00000000ea380000, 0x0000000100000000)
  eden space 96768K, 100% used [0x00000000e0000000,0x00000000e5e80000,0x00000000e5e80000)
  from space 31744K, 90% used [0x00000000e6080000,0x00000000e7c7bee0,0x00000000e7f80000)
  to   space 35328K, 0% used [0x00000000e8100000,0x00000000e8100000,0x00000000ea380000)
 ParOldGen       total 147968K, used 50961K [0x00000000a0000000, 0x00000000a9080000, 0x00000000e0000000)
  object space 147968K, 34% used [0x00000000a0000000,0x00000000a31c44e0,0x00000000a9080000)
 Metaspace       used 82124K, capacity 85290K, committed 85552K, reserved 1124352K
  class space    used 10777K, capacity 11478K, committed 11568K, reserved 1048576K
Event: 3498.780 GC heap after
Heap after GC invocations=23 (full 3):
 PSYoungGen      total 121344K, used 35304K [0x00000000e0000000, 0x00000000ed380000, 0x0000000100000000)
  eden space 86016K, 0% used [0x00000000e0000000,0x00000000e0000000,0x00000000e5400000)
  from space 35328K, 99% used [0x00000000e8100000,0x00000000ea37a2c0,0x00000000ea380000)
  to   space 46080K, 0% used [0x00000000e5400000,0x00000000e5400000,0x00000000e8100000)
 ParOldGen       total 147968K, used 65558K [0x00000000a0000000, 0x00000000a9080000, 0x00000000e0000000)
  object space 147968K, 44% used [0x00000000a0000000,0x00000000a4005948,0x00000000a9080000)
 Metaspace       used 82124K, capacity 85290K, committed 85552K, reserved 1124352K
  class space    used 10777K, capacity 11478K, committed 11568K, reserved 1048576K
}
Event: 5938.071 GC heap before
{Heap before GC invocations=24 (full 3):
 PSYoungGen      total 121344K, used 121320K [0x00000000e0000000, 0x00000000ed380000, 0x0000000100000000)
  eden space 86016K, 100% used [0x00000000e0000000,0x00000000e5400000,0x00000000e5400000)
  from space 35328K, 99% used [0x00000000e8100000,0x00000000ea37a2c0,0x00000000ea380000)
  to   space 46080K, 0% used [0x00000000e5400000,0x00000000e5400000,0x00000000e8100000)
 ParOldGen       total 147968K, used 65558K [0x00000000a0000000, 0x00000000a9080000, 0x00000000e0000000)
  object space 147968K, 44% used [0x00000000a0000000,0x00000000a4005948,0x00000000a9080000)
 Metaspace       used 82259K, capacity 85382K, committed 85552K, reserved 1124352K
  class space    used 10780K, capacity 11482K, committed 11568K, reserved 1048576K
Event: 5938.153 GC heap after
Heap after GC invocations=24 (full 3):
 PSYoungGen      total 132096K, used 37205K [0x00000000e0000000, 0x00000000ecc00000, 0x0000000100000000)
  eden space 86016K, 0% used [0x00000000e0000000,0x00000000e0000000,0x00000000e5400000)
  from space 46080K, 80% used [0x00000000e5400000,0x00000000e7855438,0x00000000e8100000)
  to   space 50176K, 0% used [0x00000000e9b00000,0x00000000e9b00000,0x00000000ecc00000)
 ParOldGen       total 147968K, used 65566K [0x00000000a0000000, 0x00000000a9080000, 0x00000000e0000000)
  object space 147968K, 44% used [0x00000000a0000000,0x00000000a4007948,0x00000000a9080000)
 Metaspace       used 82259K, capacity 85382K, committed 85552K, reserved 1124352K
  class space    used 10780K, capacity 11482K, committed 11568K, reserved 1048576K
}
Event: 12825.499 GC heap before
{Heap before GC invocations=25 (full 3):
 PSYoungGen      total 132096K, used 123221K [0x00000000e0000000, 0x00000000ecc00000, 0x0000000100000000)
  eden space 86016K, 100% used [0x00000000e0000000,0x00000000e5400000,0x00000000e5400000)
  from space 46080K, 80% used [0x00000000e5400000,0x00000000e7855438,0x00000000e8100000)
  to   space 50176K, 0% used [0x00000000e9b00000,0x00000000e9b00000,0x00000000ecc00000)
 ParOldGen       total 147968K, used 65566K [0x00000000a0000000, 0x00000000a9080000, 0x00000000e0000000)
  object space 147968K, 44% used [0x00000000a0000000,0x00000000a4007948,0x00000000a9080000)
 Metaspace       used 82563K, capacity 85754K, committed 85808K, reserved 1124352K
  class space    used 10819K, capacity 11546K, committed 11568K, reserved 1048576K

